<?xml version="1.0" encoding="UTF-8"?>
<!-- Generated by org.testng.reporters.JUnitReportReporter -->
<testsuite hostname="DESKTOP-7VJE66H" name="pom.VerifyLogin" tests="1" failures="0" timestamp="12 Apr 2022 08:35:18 GMT" time="11.742" errors="0">
  <testcase name="TestUser" time="11.742" classname="pom.VerifyLogin"/>
</testsuite> <!-- pom.VerifyLogin -->
